# JRE version: OpenJDK Runtime Environment (11.0.12+7) (build 11.0.12+7-b1504.28-7817840)
# Java VM: OpenJDK 64-Bit Server VM (11.0.12+7-b1504.28-7817840, mixed mode, tiered, compressed oops, g1 gc, windows-amd64)
Heap:
 garbage-first heap   total 591872K, used 225536K [0x0000000080000000, 0x0000000100000000)
  region size 1024K, 3 young (3072K), 3 survivors (3072K)
 Metaspace       used 139602K, capacity 143069K, committed 143368K, reserved 1175552K
  class space    used 17026K, capacity 18465K, committed 18508K, reserved 1048576K
GC Heap History (20 events):
Event: 4163.736 GC heap after
{Heap after GC invocations=51 (full 0):
 garbage-first heap   total 262144K, used 136019K [0x0000000080000000, 0x0000000100000000)
  region size 1024K, 4 young (4096K), 4 survivors (4096K)
 Metaspace       used 137260K, capacity 140693K, committed 140936K, reserved 1171456K
  class space    used 16830K, capacity 18270K, committed 18380K, reserved 1048576K
}
Event: 4163.802 GC heap before
{Heap before GC invocations=51 (full 0):
 garbage-first heap   total 262144K, used 143187K [0x0000000080000000, 0x0000000100000000)
  region size 1024K, 12 young (12288K), 4 survivors (4096K)
 Metaspace       used 137531K, capacity 140984K, committed 141192K, reserved 1173504K
  class space    used 16865K, capacity 18303K, committed 18380K, reserved 1048576K
}
Event: 4163.827 GC heap after
{Heap after GC invocations=52 (full 0):
 garbage-first heap   total 262144K, used 115867K [0x0000000080000000, 0x0000000100000000)
  region size 1024K, 1 young (1024K), 1 survivors (1024K)
 Metaspace       used 137531K, capacity 140984K, committed 141192K, reserved 1173504K
  class space    used 16865K, capacity 18303K, committed 18380K, reserved 1048576K
}
Event: 4163.960 GC heap before
{Heap before GC invocations=52 (full 0):
 garbage-first heap   total 262144K, used 127131K [0x0000000080000000, 0x0000000100000000)
  region size 1024K, 12 young (12288K), 1 survivors (1024K)
 Metaspace       used 137633K, capacity 141112K, committed 141448K, reserved 1173504K
  class space    used 16873K, capacity 18303K, committed 18380K, reserved 1048576K
}
Event: 4163.972 GC heap after
{Heap after GC invocations=53 (full 0):
 garbage-first heap   total 262144K, used 116736K [0x0000000080000000, 0x0000000100000000)
  region size 1024K, 2 young (2048K), 2 survivors (2048K)
 Metaspace       used 137633K, capacity 141112K, committed 141448K, reserved 1173504K
  class space    used 16873K, capacity 18303K, committed 18380K, reserved 1048576K
}
Event: 4164.479 GC heap before
{Heap before GC invocations=53 (full 0):
 garbage-first heap   total 262144K, used 174080K [0x0000000080000000, 0x0000000100000000)
  region size 1024K, 60 young (61440K), 2 survivors (2048K)
 Metaspace       used 138690K, capacity 142163K, committed 142344K, reserved 1173504K
  class space    used 16994K, capacity 18417K, committed 18508K, reserved 1048576K
}
Event: 4164.487 GC heap after
{Heap after GC invocations=54 (full 0):
 garbage-first heap   total 262144K, used 119125K [0x0000000080000000, 0x0000000100000000)
  region size 1024K, 5 young (5120K), 5 survivors (5120K)
 Metaspace       used 138690K, capacity 142163K, committed 142344K, reserved 1173504K
  class space    used 16994K, capacity 18417K, committed 18508K, reserved 1048576K
}
Event: 4165.035 GC heap before
{Heap before GC invocations=55 (full 0):
 garbage-first heap   total 262144K, used 236885K [0x0000000080000000, 0x0000000100000000)
  region size 1024K, 82 young (83968K), 5 survivors (5120K)
 Metaspace       used 139151K, capacity 142671K, committed 142856K, reserved 1173504K
  class space    used 17032K, capacity 18457K, committed 18508K, reserved 1048576K
}
Event: 4165.068 GC heap after
{Heap after GC invocations=56 (full 0):
 garbage-first heap   total 269312K, used 167756K [0x0000000080000000, 0x0000000100000000)
  region size 1024K, 11 young (11264K), 11 survivors (11264K)
 Metaspace       used 139151K, capacity 142671K, committed 142856K, reserved 1173504K
  class space    used 17032K, capacity 18457K, committed 18508K, reserved 1048576K
}
Event: 4165.081 GC heap before
{Heap before GC invocations=56 (full 0):
 garbage-first heap   total 269312K, used 169804K [0x0000000080000000, 0x0000000100000000)
  region size 1024K, 13 young (13312K), 11 survivors (11264K)
 Metaspace       used 139160K, capacity 142671K, committed 142856K, reserved 1173504K
  class space    used 17032K, capacity 18457K, committed 18508K, reserved 1048576K
}
Event: 4165.114 GC heap after
{Heap after GC invocations=57 (full 0):
 garbage-first heap   total 269312K, used 162963K [0x0000000080000000, 0x0000000100000000)
  region size 1024K, 2 young (2048K), 2 survivors (2048K)
 Metaspace       used 139160K, capacity 142671K, committed 142856K, reserved 1173504K
  class space    used 17032K, capacity 18457K, committed 18508K, reserved 1048576K
}
Event: 4165.448 GC heap before
{Heap before GC invocations=57 (full 0):
 garbage-first heap   total 269312K, used 216211K [0x0000000080000000, 0x0000000100000000)
  region size 1024K, 55 young (56320K), 2 survivors (2048K)
 Metaspace       used 139319K, capacity 142822K, committed 143112K, reserved 1173504K
  class space    used 17036K, capacity 18462K, committed 18508K, reserved 1048576K
}
Event: 4165.509 GC heap after
{Heap after GC invocations=58 (full 0):
 garbage-first heap   total 367616K, used 190464K [0x0000000080000000, 0x0000000100000000)
  region size 1024K, 7 young (7168K), 7 survivors (7168K)
 Metaspace       used 139319K, capacity 142822K, committed 143112K, reserved 1173504K
  class space    used 17036K, capacity 18462K, committed 18508K, reserved 1048576K
}
Event: 4166.502 GC heap before
{Heap before GC invocations=59 (full 0):
 garbage-first heap   total 367616K, used 266240K [0x0000000080000000, 0x0000000100000000)
  region size 1024K, 82 young (83968K), 7 survivors (7168K)
 Metaspace       used 139398K, capacity 142863K, committed 143112K, reserved 1173504K
  class space    used 17018K, capacity 18424K, committed 18508K, reserved 1048576K
}
Event: 4166.540 GC heap after
{Heap after GC invocations=60 (full 0):
 garbage-first heap   total 367616K, used 216064K [0x0000000080000000, 0x0000000100000000)
  region size 1024K, 11 young (11264K), 11 survivors (11264K)
 Metaspace       used 139398K, capacity 142863K, committed 143112K, reserved 1173504K
  class space    used 17018K, capacity 18424K, committed 18508K, reserved 1048576K
}
Event: 4167.203 GC heap before
{Heap before GC invocations=60 (full 0):
 garbage-first heap   total 367616K, used 252928K [0x0000000080000000, 0x0000000100000000)
  region size 1024K, 49 young (50176K), 11 survivors (11264K)
 Metaspace       used 139446K, capacity 142931K, committed 143112K, reserved 1173504K
  class space    used 17018K, capacity 18424K, committed 18508K, reserved 1048576K
}
Event: 4167.226 GC heap after
{Heap after GC invocations=61 (full 0):
 garbage-first heap   total 367616K, used 222208K [0x0000000080000000, 0x0000000100000000)
  region size 1024K, 5 young (5120K), 5 survivors (5120K)
 Metaspace       used 139446K, capacity 142931K, committed 143112K, reserved 1173504K
  class space    used 17018K, capacity 18424K, committed 18508K, reserved 1048576K
}
Event: 4168.405 GC heap before
{Heap before GC invocations=62 (full 0):
 garbage-first heap   total 367616K, used 285696K [0x0000000080000000, 0x0000000100000000)
  region size 1024K, 61 young (62464K), 5 survivors (5120K)
 Metaspace       used 139586K, capacity 143055K, committed 143368K, reserved 1175552K
  class space    used 17023K, capacity 18460K, committed 18508K, reserved 1048576K
}
Event: 4168.432 GC heap after
{Heap after GC invocations=63 (full 0):
 garbage-first heap   total 367616K, used 232866K [0x0000000080000000, 0x0000000100000000)
  region size 1024K, 5 young (5120K), 5 survivors (5120K)
 Metaspace       used 139586K, capacity 143055K, committed 143368K, reserved 1175552K
  class space    used 17023K, capacity 18460K, committed 18508K, reserved 1048576K
}
Event: 4168.691 GC heap before
{Heap before GC invocations=63 (full 0):
 garbage-first heap   total 367616K, used 244130K [0x0000000080000000, 0x0000000100000000)
  region size 1024K, 17 young (17408K), 5 survivors (5120K)
 Metaspace       used 139602K, capacity 143069K, committed 143368K, reserved 1175552K
  class space    used 17026K, capacity 18465K, committed 18508K, reserved 1048576K
}

